2025-09-04 20:44:17,830 INFO [JavaFX Application Thread] s.h.m.SIMS [SIMS.java:37] SIMS started
2025-09-04 20:44:32,854 INFO [JavaFX Application Thread] s.h.c.l.ListCategory [ListCategory.java:54] Referential integrity constraint violation: "CONSTRAINT_BE: PUBLIC.WAREHOUSE_CAPACITY FOREIGN KEY(CATEGORY_ID) REFERENCES PUBLIC.CATEGORY(ID) (69)"; SQL statement:
DELETE FROM CATEGORY WHERE ID=? [23503-232]
2025-09-04 21:20:01,306 INFO [JavaFX Application Thread] s.h.m.SIMS [SIMS.java:37] SIMS started
2025-09-04 21:24:57,876 INFO [JavaFX Application Thread] s.h.m.SIMS [SIMS.java:37] SIMS started
2025-09-04 21:25:55,566 INFO [JavaFX Application Thread] s.h.m.SIMS [SIMS.java:37] SIMS started
2025-09-04 21:26:08,785 ERROR [JavaFX Application Thread] s.h.e.RepositoryAccessException [RepositoryAccessException.java:13] No data is available [2000-232]
2025-09-04 21:28:03,086 INFO [JavaFX Application Thread] s.h.m.SIMS [SIMS.java:37] SIMS started
2025-09-04 21:28:13,542 ERROR [JavaFX Application Thread] s.h.e.RepositoryAccessException [RepositoryAccessException.java:13] No data is available [2000-232]
2025-09-04 21:29:15,059 INFO [JavaFX Application Thread] s.h.m.SIMS [SIMS.java:37] SIMS started
2025-09-04 21:29:23,296 ERROR [JavaFX Application Thread] s.h.e.RepositoryAccessException [RepositoryAccessException.java:13] No data is available [2000-232]
2025-09-04 21:29:24,973 ERROR [JavaFX Application Thread] s.h.e.RepositoryAccessException [RepositoryAccessException.java:13] No data is available [2000-232]
2025-09-04 21:30:34,726 INFO [JavaFX Application Thread] s.h.m.SIMS [SIMS.java:37] SIMS started
2025-09-04 21:30:45,356 ERROR [JavaFX Application Thread] s.h.e.RepositoryAccessException [RepositoryAccessException.java:13] No data is available [2000-232]
2025-09-04 21:31:56,254 INFO [JavaFX Application Thread] s.h.m.SIMS [SIMS.java:37] SIMS started
2025-09-04 21:32:04,326 INFO [JavaFX Application Thread] s.h.r.InventoryDbActions [InventoryDbActions.java:45] 1/1
2025-09-04 21:32:04,332 ERROR [JavaFX Application Thread] s.h.e.RepositoryAccessException [RepositoryAccessException.java:13] No data is available [2000-232]
2025-09-04 21:36:42,797 INFO [JavaFX Application Thread] s.h.m.SIMS [SIMS.java:37] SIMS started
2025-09-04 21:36:50,268 INFO [JavaFX Application Thread] s.h.r.InventoryDbActions [InventoryDbActions.java:45] 1/41
2025-09-04 21:36:50,272 INFO [JavaFX Application Thread] s.h.r.InventoryDbActions [InventoryDbActions.java:56] 67
2025-09-04 21:36:53,321 INFO [JavaFX Application Thread] s.h.r.InventoryDbActions [InventoryDbActions.java:45] 1/41
2025-09-04 21:36:53,324 INFO [JavaFX Application Thread] s.h.r.InventoryDbActions [InventoryDbActions.java:56] 51
2025-09-04 21:37:21,325 INFO [JavaFX Application Thread] s.h.r.InventoryDbActions [InventoryDbActions.java:45] 1/41
2025-09-04 21:37:21,328 INFO [JavaFX Application Thread] s.h.r.InventoryDbActions [InventoryDbActions.java:56] 35
2025-09-04 21:37:25,043 INFO [JavaFX Application Thread] s.h.r.InventoryDbActions [InventoryDbActions.java:45] 1/41
2025-09-04 21:37:25,046 INFO [JavaFX Application Thread] s.h.r.InventoryDbActions [InventoryDbActions.java:56] 19
2025-09-04 21:37:28,315 INFO [JavaFX Application Thread] s.h.r.InventoryDbActions [InventoryDbActions.java:45] 1/41
2025-09-04 21:37:28,318 INFO [JavaFX Application Thread] s.h.r.InventoryDbActions [InventoryDbActions.java:56] 3
2025-09-04 21:37:28,321 ERROR [JavaFX Application Thread] s.h.e.RepositoryAccessException [RepositoryAccessException.java:13] Parameter "#1" is not set [90012-232]
2025-09-04 21:37:31,746 INFO [JavaFX Application Thread] s.h.r.InventoryDbActions [InventoryDbActions.java:45] 1/41
2025-09-04 21:37:31,749 INFO [JavaFX Application Thread] s.h.r.InventoryDbActions [InventoryDbActions.java:56] 3
2025-09-04 21:37:31,750 ERROR [JavaFX Application Thread] s.h.e.RepositoryAccessException [RepositoryAccessException.java:13] Parameter "#1" is not set [90012-232]
2025-09-04 21:37:33,767 INFO [JavaFX Application Thread] s.h.r.InventoryDbActions [InventoryDbActions.java:45] 1/41
2025-09-04 21:37:33,771 INFO [JavaFX Application Thread] s.h.r.InventoryDbActions [InventoryDbActions.java:56] 3
2025-09-04 21:37:33,772 ERROR [JavaFX Application Thread] s.h.e.RepositoryAccessException [RepositoryAccessException.java:13] Parameter "#1" is not set [90012-232]
2025-09-04 21:39:28,763 INFO [JavaFX Application Thread] s.h.m.SIMS [SIMS.java:37] SIMS started
2025-09-04 21:39:50,641 INFO [JavaFX Application Thread] s.h.r.InventoryDbActions [InventoryDbActions.java:55] 500
2025-09-04 21:39:56,990 INFO [JavaFX Application Thread] s.h.r.InventoryDbActions [InventoryDbActions.java:55] 3
2025-09-04 21:40:07,970 INFO [JavaFX Application Thread] s.h.r.InventoryDbActions [InventoryDbActions.java:55] 499
2025-09-04 21:42:02,378 INFO [JavaFX Application Thread] s.h.m.SIMS [SIMS.java:37] SIMS started
2025-09-04 21:42:29,764 INFO [JavaFX Application Thread] s.h.r.InventoryDbActions [InventoryDbActions.java:64] 715/715
2025-09-04 21:43:04,140 INFO [JavaFX Application Thread] s.h.m.SIMS [SIMS.java:37] SIMS started
2025-09-04 21:43:30,898 INFO [JavaFX Application Thread] s.h.r.InventoryDbActions [InventoryDbActions.java:58] 413
2025-09-04 23:36:56,285 INFO [JavaFX Application Thread] s.h.m.SIMS [SIMS.java:37] SIMS started
2025-09-04 23:37:49,224 INFO [JavaFX Application Thread] s.h.m.SIMS [SIMS.java:37] SIMS started
2025-09-05 09:18:41,219 INFO [JavaFX Application Thread] s.h.m.SIMS [SIMS.java:37] SIMS started
2025-09-05 10:31:55,699 INFO [JavaFX Application Thread] s.h.m.SIMS [SIMS.java:40] SIMS started
2025-09-05 11:23:46,135 INFO [JavaFX Application Thread] s.h.m.SIMS [SIMS.java:40] SIMS started
2025-09-05 11:24:16,701 INFO [JavaFX Application Thread] s.h.m.SIMS [SIMS.java:40] SIMS started
2025-09-05 11:25:07,505 INFO [JavaFX Application Thread] s.h.m.SIMS [SIMS.java:40] SIMS started
2025-09-05 11:27:31,173 INFO [JavaFX Application Thread] s.h.m.SIMS [SIMS.java:40] SIMS started
2025-09-05 11:27:32,634 INFO [JavaFX Application Thread] s.h.c.MenuController [MenuController.java:76] ADMIN
2025-09-05 11:27:40,219 INFO [JavaFX Application Thread] s.h.m.SIMS [SIMS.java:40] SIMS started
2025-09-05 11:27:47,871 INFO [JavaFX Application Thread] s.h.c.MenuController [MenuController.java:76] ADMIN
2025-09-05 11:27:51,848 INFO [JavaFX Application Thread] s.h.c.MenuController [MenuController.java:76] ADMIN
2025-09-05 11:27:54,630 INFO [JavaFX Application Thread] s.h.c.MenuController [MenuController.java:76] ADMIN
2025-09-05 11:27:57,784 INFO [JavaFX Application Thread] s.h.c.MenuController [MenuController.java:76] ADMIN
2025-09-05 11:28:01,716 INFO [JavaFX Application Thread] s.h.c.MenuController [MenuController.java:76] ADMIN
2025-09-05 11:28:01,751 INFO [JavaFX Application Thread] s.h.c.MenuController [MenuController.java:76] ADMIN
2025-09-05 11:28:08,270 INFO [JavaFX Application Thread] s.h.c.MenuController [MenuController.java:76] ADMIN
2025-09-05 11:28:10,786 INFO [JavaFX Application Thread] s.h.c.MenuController [MenuController.java:76] ADMIN
2025-09-05 11:28:15,276 INFO [JavaFX Application Thread] s.h.c.MenuController [MenuController.java:76] ADMIN
2025-09-05 11:28:21,347 INFO [JavaFX Application Thread] s.h.c.MenuController [MenuController.java:76] ADMIN
2025-09-05 11:28:21,371 INFO [JavaFX Application Thread] s.h.c.MenuController [MenuController.java:76] ADMIN
2025-09-05 11:28:28,308 INFO [JavaFX Application Thread] s.h.c.MenuController [MenuController.java:76] ADMIN
2025-09-05 11:28:56,931 INFO [JavaFX Application Thread] s.h.c.MenuController [MenuController.java:76] ADMIN
2025-09-05 11:28:56,959 INFO [JavaFX Application Thread] s.h.c.MenuController [MenuController.java:76] ADMIN
2025-09-05 11:29:07,251 INFO [JavaFX Application Thread] s.h.c.MenuController [MenuController.java:76] ADMIN
2025-09-05 11:29:14,184 INFO [JavaFX Application Thread] s.h.c.MenuController [MenuController.java:76] ADMIN
2025-09-05 11:29:16,216 INFO [JavaFX Application Thread] s.h.c.MenuController [MenuController.java:76] ADMIN
2025-09-05 11:29:21,629 INFO [JavaFX Application Thread] s.h.c.MenuController [MenuController.java:76] ADMIN
2025-09-05 11:29:25,286 INFO [JavaFX Application Thread] s.h.c.MenuController [MenuController.java:76] ADMIN
2025-09-05 11:29:25,306 INFO [JavaFX Application Thread] s.h.c.MenuController [MenuController.java:76] ADMIN
2025-09-05 11:29:36,762 INFO [JavaFX Application Thread] s.h.m.SIMS [SIMS.java:40] SIMS started
2025-09-05 11:30:25,946 INFO [JavaFX Application Thread] s.h.c.u.UpdateSupplier [UpdateSupplier.java:121] Krivi unos
2025-09-05 11:30:31,526 INFO [JavaFX Application Thread] s.h.c.u.UpdateSupplier [UpdateSupplier.java:121] Krivi unos
2025-09-05 11:32:13,587 INFO [JavaFX Application Thread] s.h.m.SIMS [SIMS.java:40] SIMS started
2025-09-05 11:32:14,637 INFO [JavaFX Application Thread] s.h.c.MenuController [MenuController.java:76] ADMIN
2025-09-05 11:38:50,465 INFO [JavaFX Application Thread] s.h.m.SIMS [SIMS.java:40] SIMS started
2025-09-05 11:38:51,693 INFO [JavaFX Application Thread] s.h.c.MenuController [MenuController.java:122] ADMIN
2025-09-05 11:38:54,898 INFO [JavaFX Application Thread] s.h.c.MenuController [MenuController.java:122] ADMIN
